{
  "stats": {
    "suites": 1,
    "tests": 2,
    "passes": 2,
    "pending": 0,
    "failures": 0,
    "start": "2023-08-07T12:09:30.860Z",
    "end": "2023-08-07T12:09:36.671Z",
    "duration": 5811,
    "testsRegistered": 2,
    "passPercent": 100,
    "pendingPercent": 0,
    "other": 0,
    "hasOther": false,
    "skipped": 0,
    "hasSkipped": false
  },
  "results": [
    {
      "uuid": "ce52618e-ea96-4f10-9b48-a6a0ae1973d7",
      "title": "",
      "fullFile": "cypress\\e2e\\webdriver-uni\\checkboxes.cy.js",
      "file": "cypress\\e2e\\webdriver-uni\\checkboxes.cy.js",
      "beforeHooks": [],
      "afterHooks": [],
      "tests": [],
      "suites": [
        {
          "uuid": "4cb25dbe-68d3-4a07-909c-71d42075ae9a",
          "title": "Handling checkboxes and radiobutton in webdriver uni page",
          "fullFile": "",
          "file": "",
          "beforeHooks": [],
          "afterHooks": [],
          "tests": [
            {
              "title": "Able to handle checkbox",
              "fullTitle": "Handling checkboxes and radiobutton in webdriver uni page Able to handle checkbox",
              "timedOut": null,
              "duration": 4205,
              "state": "passed",
              "speed": "fast",
              "pass": true,
              "fail": false,
              "pending": false,
              "context": null,
              "code": "cy.get('#checkboxes > :nth-child(1) > input').as('option1');\ncy.get('@option1').check().should('be.checked');\ncy.get(':nth-child(5) > input').uncheck().should('not.be.checked');",
              "err": {},
              "uuid": "f27c6654-d854-4950-985f-2fbafc4774a6",
              "parentUUID": "4cb25dbe-68d3-4a07-909c-71d42075ae9a",
              "isHook": false,
              "skipped": false
            },
            {
              "title": "Select multiple checkboxes",
              "fullTitle": "Handling checkboxes and radiobutton in webdriver uni page Select multiple checkboxes",
              "timedOut": null,
              "duration": 1543,
              "state": "passed",
              "speed": "fast",
              "pass": true,
              "fail": false,
              "pending": false,
              "context": null,
              "code": "cy.get('input[type=\"checkbox\"]').check().should('be.checked');",
              "err": {},
              "uuid": "070c51b6-3fd9-4b4a-ade3-e0a070542751",
              "parentUUID": "4cb25dbe-68d3-4a07-909c-71d42075ae9a",
              "isHook": false,
              "skipped": false
            }
          ],
          "suites": [],
          "passes": [
            "f27c6654-d854-4950-985f-2fbafc4774a6",
            "070c51b6-3fd9-4b4a-ade3-e0a070542751"
          ],
          "failures": [],
          "pending": [],
          "skipped": [],
          "duration": 5748,
          "root": false,
          "rootEmpty": false,
          "_timeout": 2000
        }
      ],
      "passes": [],
      "failures": [],
      "pending": [],
      "skipped": [],
      "duration": 0,
      "root": true,
      "rootEmpty": true,
      "_timeout": 2000
    }
  ],
  "meta": {
    "mocha": {
      "version": "7.0.1"
    },
    "mochawesome": {
      "options": {
        "quiet": false,
        "reportFilename": "mochawesome",
        "saveHtml": true,
        "saveJson": true,
        "consoleReporter": "spec",
        "useInlineDiffs": false,
        "code": true
      },
      "version": "7.1.3"
    },
    "marge": {
      "options": {
        "configFile": "reporter-config.json"
      },
      "version": "6.2.0"
    }
  }
}